{
  "stats": {
    "suites": 1,
    "tests": 1,
    "passes": 1,
    "pending": 0,
    "failures": 0,
    "start": "2023-02-13T17:12:37.025Z",
    "end": "2023-02-13T17:13:07.222Z",
    "duration": 30197,
    "testsRegistered": 1,
    "passPercent": 100,
    "pendingPercent": 0,
    "other": 0,
    "hasOther": false,
    "skipped": 0,
    "hasSkipped": false
  },
  "results": [
    {
      "uuid": "1dbe8c90-0248-49fe-a0a0-27b720bf2b7b",
      "title": "",
      "fullFile": "cypress\\integration\\LouerAppartSurFoncia.feature",
      "file": "cypress\\integration\\LouerAppartSurFoncia.feature",
      "beforeHooks": [],
      "afterHooks": [],
      "tests": [],
      "suites": [
        {
          "uuid": "4c9347b9-af23-4a29-b6b0-88249d4d6a9e",
          "title": "Tester la location d'un appartement sur fr.foncia.com",
          "fullFile": "",
          "file": "",
          "beforeHooks": [],
          "afterHooks": [],
          "tests": [
            {
              "title": "Tester la possibilité de louer un appartement avec un loyer max en euros",
              "fullTitle": "Tester la location d'un appartement sur fr.foncia.com Tester la possibilité de louer un appartement avec un loyer max en euros",
              "timedOut": null,
              "duration": 27530,
              "state": "passed",
              "speed": "slow",
              "pass": true,
              "fail": false,
              "pending": false,
              "context": null,
              "code": "const state = window.testState;\nreturn cy\n  .then(() => state.onStartScenario(scenario, indexedSteps))\n  .then(() =>\n    resolveAndRunBeforeHooks.call(this, scenario.tags, state.feature.name)\n  )\n  .then(() =>\n    indexedSteps.forEach((step) =>\n      stepTest.call(this, state, step, rowData)\n    )\n  )\n  .then(() => state.onFinishScenario(scenario));",
              "err": {},
              "uuid": "12b66f9a-4813-4816-b28c-5163e1bd6db0",
              "parentUUID": "4c9347b9-af23-4a29-b6b0-88249d4d6a9e",
              "isHook": false,
              "skipped": false
            }
          ],
          "suites": [],
          "passes": [
            "12b66f9a-4813-4816-b28c-5163e1bd6db0"
          ],
          "failures": [],
          "pending": [],
          "skipped": [],
          "duration": 27530,
          "root": false,
          "rootEmpty": false,
          "_timeout": 2000
        }
      ],
      "passes": [],
      "failures": [],
      "pending": [],
      "skipped": [],
      "duration": 0,
      "root": true,
      "rootEmpty": true,
      "_timeout": 2000
    }
  ],
  "meta": {
    "mocha": {
      "version": "7.0.1"
    },
    "mochawesome": {
      "options": {
        "quiet": false,
        "reportFilename": "mochawesome",
        "saveHtml": false,
        "saveJson": true,
        "consoleReporter": "spec",
        "useInlineDiffs": false,
        "code": true
      },
      "version": "7.1.3"
    },
    "marge": {
      "options": {
        "overwrite": false,
        "html": false,
        "json": true,
        "reportDir": "cypress\\reports\\html\\.jsons"
      },
      "version": "6.2.0"
    }
  }
}