{
  "stats": {
    "suites": 1,
    "tests": 1,
    "passes": 1,
    "pending": 0,
    "failures": 0,
    "start": "2023-02-13T17:09:13.032Z",
    "end": "2023-02-13T17:09:43.979Z",
    "duration": 30947,
    "testsRegistered": 1,
    "passPercent": 100,
    "pendingPercent": 0,
    "other": 0,
    "hasOther": false,
    "skipped": 0,
    "hasSkipped": false
  },
  "results": [
    {
      "uuid": "7f955c9d-8717-4cd9-a53c-373fb65115d6",
      "title": "",
      "fullFile": "cypress\\integration\\LouerAppartSurFoncia.feature",
      "file": "cypress\\integration\\LouerAppartSurFoncia.feature",
      "beforeHooks": [],
      "afterHooks": [],
      "tests": [],
      "suites": [
        {
          "uuid": "83274de1-5840-4dc4-ab58-51a4a2b35c7d",
          "title": "Tester la location d'un appartement sur fr.foncia.com",
          "fullFile": "",
          "file": "",
          "beforeHooks": [],
          "afterHooks": [],
          "tests": [
            {
              "title": "Tester la possibilité de louer un appartement avec un loyer max en euros",
              "fullTitle": "Tester la location d'un appartement sur fr.foncia.com Tester la possibilité de louer un appartement avec un loyer max en euros",
              "timedOut": null,
              "duration": 27856,
              "state": "passed",
              "speed": "slow",
              "pass": true,
              "fail": false,
              "pending": false,
              "context": null,
              "code": "const state = window.testState;\nreturn cy\n  .then(() => state.onStartScenario(scenario, indexedSteps))\n  .then(() =>\n    resolveAndRunBeforeHooks.call(this, scenario.tags, state.feature.name)\n  )\n  .then(() =>\n    indexedSteps.forEach((step) =>\n      stepTest.call(this, state, step, rowData)\n    )\n  )\n  .then(() => state.onFinishScenario(scenario));",
              "err": {},
              "uuid": "b3456156-9ee1-40ac-876f-80d9be756044",
              "parentUUID": "83274de1-5840-4dc4-ab58-51a4a2b35c7d",
              "isHook": false,
              "skipped": false
            }
          ],
          "suites": [],
          "passes": [
            "b3456156-9ee1-40ac-876f-80d9be756044"
          ],
          "failures": [],
          "pending": [],
          "skipped": [],
          "duration": 27856,
          "root": false,
          "rootEmpty": false,
          "_timeout": 2000
        }
      ],
      "passes": [],
      "failures": [],
      "pending": [],
      "skipped": [],
      "duration": 0,
      "root": true,
      "rootEmpty": true,
      "_timeout": 2000
    }
  ],
  "meta": {
    "mocha": {
      "version": "7.0.1"
    },
    "mochawesome": {
      "options": {
        "quiet": false,
        "reportFilename": "mochawesome",
        "saveHtml": true,
        "saveJson": true,
        "consoleReporter": "spec",
        "useInlineDiffs": false,
        "code": true
      },
      "version": "7.1.3"
    },
    "marge": {
      "options": {
        "overwrite": false,
        "html": true,
        "json": true,
        "reportDir": "cypress\\reports\\html\\.jsons"
      },
      "version": "6.2.0"
    }
  }
}